<?xml version="1.0" encoding="UTF-8"?>
<!-- Generated by org.testng.reporters.JUnitXMLReporter -->
<testsuite ignored="0" hostname="Mukeshs-MacBook-Air.local" failures="0" tests="3" name="Default test" time="8.353" errors="0" timestamp="2024-09-08T09:32:10 IST">
  <testcase classname="tests.BookingAPIUsinFrameworkUsingPOJOBuilder2" name="createBooking" time="1.525"/>
  <testcase classname="tests.BookingAPIUsinFrameworkUsingPOJOBuilder2" name="updateBooking" time="1.238"/>
  <testcase classname="tests.BookingAPIUsinFrameworkUsingPOJOBuilder2" name="deleteBooking" time="1.202"/>
</testsuite> <!-- Default test -->
