<?xml version="1.0" encoding="UTF-8"?>
<!-- Generated by org.testng.reporters.JUnitXMLReporter -->
<testsuite ignored="0" hostname="Mukeshs-MacBook-Air.local" failures="0" tests="3" name="Test" time="8.029" errors="0" timestamp="2024-09-08T09:34:21 IST">
  <testcase classname="tests.E2ETestForBooking" name="createBooking" time="1.439"/>
  <testcase classname="tests.E2ETestForBooking" name="updateBooking" time="1.222"/>
  <testcase classname="tests.E2ETestForBooking" name="deleteBooking" time="1.157"/>
</testsuite> <!-- Test -->
