<?xml version="1.0" encoding="UTF-8"?>
<!-- Generated by org.testng.reporters.JUnitXMLReporter -->
<testsuite ignored="0" hostname="Mukeshs-MacBook-Air.local" failures="0" tests="3" name="Test" time="5.306" errors="0" timestamp="2024-09-14T09:24:09 IST">
  <testcase classname="tests.E2ETestForBooking" name="createBooking" time="1.215"/>
  <testcase classname="tests.E2ETestForBooking" name="updateBooking" time="1.116"/>
  <testcase classname="tests.E2ETestForBooking" name="deleteBooking" time="1.098"/>
</testsuite> <!-- Test -->
