<?xml version="1.0" encoding="UTF-8"?>
<!-- Generated by org.testng.reporters.JUnitXMLReporter -->
<testsuite ignored="0" hostname="Mukeshs-MacBook-Air.local" failures="0" tests="3" name="Test" time="5.322" errors="0" timestamp="2024-09-14T07:51:41 IST">
  <testcase classname="tests.E2ETestForBooking" name="createBooking" time="1.238"/>
  <testcase classname="tests.E2ETestForBooking" name="updateBooking" time="1.117"/>
  <testcase classname="tests.E2ETestForBooking" name="deleteBooking" time="1.111"/>
</testsuite> <!-- Test -->
