<?xml version="1.0" encoding="UTF-8"?>
<testsuite xmlns:xsi="http://www.w3.org/2001/XMLSchema-instance" xsi:noNamespaceSchemaLocation="https://maven.apache.org/surefire/maven-surefire-plugin/xsd/surefire-test-report.xsd" version="3.0.2" name="TestSuite" time="10.763" tests="3" errors="0" skipped="0" failures="0">
  <properties>
[...]
</properties>
  <testcase name="createBooking" classname="tests.E2ETestForBooking" time="1.241">
    <system-out><![CDATA[*** Generating Report Instance ***
*** Reports can be found at /Users/mukeshotwani/eclipse-workspace_newworkspace_restAssured/RestAssuredFramework/Reports/APIAutomation_14_09_2024_07_51_30.html ***
******* Running Setup *********
**** Loading Config File *******
**** Loading Config File *******
**** Loading Config File *******
**** Loading Config File *******
**** Loading Config File *******
**** Loading Config File *******
Config file updated
*** Creating Test For Report ***
Bhagyashree
API
]]></system-out>
    <system-err><![CDATA[SLF4J(W): No SLF4J providers were found.
SLF4J(W): Defaulting to no-operation (NOP) logger implementation
SLF4J(W): See https://www.slf4j.org/codes.html#noProviders for further details.
]]></system-err>
  </testcase>
  <testcase name="updateBooking" classname="tests.E2ETestForBooking" time="1.116">
    <system-out><![CDATA[*** Creating Test For Report ***
**** Loading Config File *******
{
    "firstname": "Mukesh",
    "lastname": "Otwani",
    "totalprice": 301,
    "depositpaid": true,
    "bookingdates": {
        "checkin": "2024-12-01",
        "checkout": "2024-12-15"
    },
    "additionalneeds": "lunch"
}
]]></system-out>
  </testcase>
  <testcase name="deleteBooking" classname="tests.E2ETestForBooking" time="1.111">
    <system-out><![CDATA[*** Creating Test For Report ***
**** Loading Config File *******
]]></system-out>
  </testcase>
</testsuite>