<?xml version="1.0" encoding="UTF-8"?>
<testng-results ignored="0" total="3" passed="3" failed="0" skipped="0">
  <reporter-output>
  </reporter-output>
  <suite started-at="2024-09-14T07:51:31 IST" name="Suite" finished-at="2024-09-14T07:51:36 IST" duration-ms="5322">
    <groups>
    </groups>
    <test started-at="2024-09-14T07:51:31 IST" name="Test" finished-at="2024-09-14T07:51:36 IST" duration-ms="5322">
      <class name="tests.E2ETestForBooking">
        <test-method is-config="true" signature="setup()[pri:0, instance:tests.E2ETestForBooking@598bd2ba]" started-at="2024-09-14T07:51:31 IST" name="setup" finished-at="2024-09-14T07:51:32 IST" duration-ms="1840" status="PASS">
          <reporter-output>
          </reporter-output>
        </test-method> <!-- setup -->
        <test-method signature="createBooking()[pri:0, instance:tests.E2ETestForBooking@598bd2ba]" started-at="2024-09-14T07:51:32 IST" name="createBooking" finished-at="2024-09-14T07:51:34 IST" duration-ms="1238" status="PASS">
          <reporter-output>
          </reporter-output>
        </test-method> <!-- createBooking -->
        <test-method signature="updateBooking()[pri:1, instance:tests.E2ETestForBooking@598bd2ba]" started-at="2024-09-14T07:51:34 IST" name="updateBooking" finished-at="2024-09-14T07:51:35 IST" depends-on-methods="tests.E2ETestForBooking.createBooking" duration-ms="1117" status="PASS">
          <reporter-output>
          </reporter-output>
        </test-method> <!-- updateBooking -->
        <test-method signature="deleteBooking()[pri:2, instance:tests.E2ETestForBooking@598bd2ba]" started-at="2024-09-14T07:51:35 IST" name="deleteBooking" finished-at="2024-09-14T07:51:36 IST" depends-on-methods="tests.E2ETestForBooking.createBooking" duration-ms="1111" status="PASS">
          <reporter-output>
          </reporter-output>
        </test-method> <!-- deleteBooking -->
      </class> <!-- tests.E2ETestForBooking -->
    </test> <!-- Test -->
  </suite> <!-- Suite -->
</testng-results>
