<?xml version="1.0" encoding="UTF-8"?>
<testng-results ignored="0" total="2" passed="2" failed="0" skipped="0">
  <reporter-output>
  </reporter-output>
  <suite started-at="2024-09-21T08:51:54 IST" name="Default suite" finished-at="2024-09-21T08:52:01 IST" duration-ms="6945">
    <groups>
    </groups>
    <test started-at="2024-09-21T08:51:54 IST" name="Default test" finished-at="2024-09-21T08:52:01 IST" duration-ms="6945">
      <class name="tests.E2ETestForBookingDDT">
        <test-method is-config="true" signature="setup()[pri:0, instance:tests.E2ETestForBookingDDT@7ce026d3]" started-at="2024-09-21T08:51:54 IST" name="setup" finished-at="2024-09-21T08:51:58 IST" duration-ms="4221" status="PASS">
          <reporter-output>
          </reporter-output>
        </test-method> <!-- setup -->
        <test-method signature="createBooking(java.lang.String,java.lang.String,int,boolean,java.lang.String,java.lang.String,java.lang.String)[pri:0, instance:tests.E2ETestForBookingDDT@7ce026d3]" started-at="2024-09-21T08:51:58 IST" name="createBooking" data-provider="bookingDetails" finished-at="2024-09-21T08:52:00 IST" duration-ms="1516" status="PASS">
          <params>
            <param index="0">
              <value>
                <![CDATA[Mohit]]>
              </value>
            </param>
            <param index="1">
              <value>
                <![CDATA[Gupta]]>
              </value>
            </param>
            <param index="2">
              <value>
                <![CDATA[401]]>
              </value>
            </param>
            <param index="3">
              <value>
                <![CDATA[true]]>
              </value>
            </param>
            <param index="4">
              <value>
                <![CDATA[dinner]]>
              </value>
            </param>
            <param index="5">
              <value>
                <![CDATA[2024-12-01]]>
              </value>
            </param>
            <param index="6">
              <value>
                <![CDATA[2024-12-10]]>
              </value>
            </param>
          </params>
          <reporter-output>
          </reporter-output>
        </test-method> <!-- createBooking -->
        <test-method signature="createBooking(java.lang.String,java.lang.String,int,boolean,java.lang.String,java.lang.String,java.lang.String)[pri:0, instance:tests.E2ETestForBookingDDT@7ce026d3]" started-at="2024-09-21T08:52:00 IST" name="createBooking" data-provider="bookingDetails" finished-at="2024-09-21T08:52:01 IST" duration-ms="1135" status="PASS">
          <params>
            <param index="0">
              <value>
                <![CDATA[Lalit]]>
              </value>
            </param>
            <param index="1">
              <value>
                <![CDATA[Mali]]>
              </value>
            </param>
            <param index="2">
              <value>
                <![CDATA[410]]>
              </value>
            </param>
            <param index="3">
              <value>
                <![CDATA[false]]>
              </value>
            </param>
            <param index="4">
              <value>
                <![CDATA[lunch]]>
              </value>
            </param>
            <param index="5">
              <value>
                <![CDATA[2024-12-15]]>
              </value>
            </param>
            <param index="6">
              <value>
                <![CDATA[2024-12-25]]>
              </value>
            </param>
          </params>
          <reporter-output>
          </reporter-output>
        </test-method> <!-- createBooking -->
      </class> <!-- tests.E2ETestForBookingDDT -->
    </test> <!-- Default test -->
  </suite> <!-- Default suite -->
</testng-results>
